date:2017-10-02 22:59:56	thread:main	X-Track:	level:WARN 	logger:org.mybatis.spring.mapper.ClassPathMapperScanner	message:Skipping MapperFactoryBean with name 'todoRepository' and 'todo.domain.repository.todo.TodoRepository' mapperInterface. Bean already defined with the same name!
date:2017-10-02 22:59:56	thread:main	X-Track:	level:WARN 	logger:org.mybatis.spring.mapper.ClassPathMapperScanner	message:No MyBatis mapper was found in '[todo.domain.repository]' package. Please check your configuration.
date:2017-10-02 22:59:57	thread:main	X-Track:	level:DEBUG	logger:o.s.jdbc.datasource.DataSourceTransactionManager	message:Creating new transaction with name [todo.domain.repository.todo.TodoRepositoryTestVerSpringTestDBunitXlsx.testUpdate]: PROPAGATION_REQUIRED,ISOLATION_DEFAULT; ''
date:2017-10-02 22:59:57	thread:main	X-Track:	level:DEBUG	logger:o.s.jdbc.datasource.DataSourceTransactionManager	message:Acquired Connection [net.sf.log4jdbc.ConnectionSpy@5400db36] for JDBC transaction
date:2017-10-02 22:59:58	thread:main	X-Track:	level:ERROR	logger:org.dbunit.database.DatabaseDataSet             	message:Table 'Sheet3' not found in tableMap=org.dbunit.dataset.OrderedTableNameMap[_tableNames=[todo], _tableMap={TODO=null}, _caseSensitiveTableNames=false]
date:2017-10-02 22:59:58	thread:main	X-Track:	level:WARN 	logger:o.s.test.context.TestContextManager             	message:Caught exception while allowing TestExecutionListener [com.github.springtestdbunit.TransactionDbUnitTestExecutionListener@2fe88a09] to process 'before' execution of test method [public void todo.domain.repository.todo.TodoRepositoryTestVerSpringTestDBunitXlsx.testUpdate()] for test instance [todo.domain.repository.todo.TodoRepositoryTestVerSpringTestDBunitXlsx@1917d90f]
org.dbunit.dataset.NoSuchTableException: Sheet3
	at org.dbunit.database.DatabaseDataSet.getTableMetaData(DatabaseDataSet.java:305)
	at org.dbunit.operation.DeleteAllOperation.execute(DeleteAllOperation.java:109)
	at org.dbunit.operation.CompositeOperation.execute(CompositeOperation.java:79)
	at com.github.springtestdbunit.DbUnitRunner.setupOrTeardown(DbUnitRunner.java:183)
	at com.github.springtestdbunit.DbUnitRunner.beforeTestMethod(DbUnitRunner.java:75)
	at com.github.springtestdbunit.DbUnitTestExecutionListener.beforeTestMethod(DbUnitTestExecutionListener.java:185)
	at com.github.springtestdbunit.TestExecutionListenerChain$3.call(TestExecutionListenerChain.java:94)
	at com.github.springtestdbunit.TestExecutionListenerChain.runChain(TestExecutionListenerChain.java:127)
	at com.github.springtestdbunit.TestExecutionListenerChain.forwards(TestExecutionListenerChain.java:116)
	at com.github.springtestdbunit.TestExecutionListenerChain.beforeTestMethod(TestExecutionListenerChain.java:92)
	at org.springframework.test.context.TestContextManager.beforeTestMethod(TestContextManager.java:269)
	at org.springframework.test.context.junit4.statements.RunBeforeTestMethodCallbacks.evaluate(RunBeforeTestMethodCallbacks.java:74)
	at org.springframework.test.context.junit4.statements.RunAfterTestMethodCallbacks.evaluate(RunAfterTestMethodCallbacks.java:86)
	at org.springframework.test.context.junit4.statements.SpringRepeat.evaluate(SpringRepeat.java:84)
	at org.junit.runners.ParentRunner.runLeaf(ParentRunner.java:325)
	at org.springframework.test.context.junit4.SpringJUnit4ClassRunner.runChild(SpringJUnit4ClassRunner.java:252)
	at org.springframework.test.context.junit4.SpringJUnit4ClassRunner.runChild(SpringJUnit4ClassRunner.java:94)
	at org.junit.runners.ParentRunner$3.run(ParentRunner.java:290)
	at org.junit.runners.ParentRunner$1.schedule(ParentRunner.java:71)
	at org.junit.runners.ParentRunner.runChildren(ParentRunner.java:288)
	at org.junit.runners.ParentRunner.access$000(ParentRunner.java:58)
	at org.junit.runners.ParentRunner$2.evaluate(ParentRunner.java:268)
	at org.springframework.test.context.junit4.statements.RunBeforeTestClassCallbacks.evaluate(RunBeforeTestClassCallbacks.java:61)
	at org.springframework.test.context.junit4.statements.RunAfterTestClassCallbacks.evaluate(RunAfterTestClassCallbacks.java:70)
	at org.junit.runners.ParentRunner.run(ParentRunner.java:363)
	at org.springframework.test.context.junit4.SpringJUnit4ClassRunner.run(SpringJUnit4ClassRunner.java:191)
	at org.eclipse.jdt.internal.junit4.runner.JUnit4TestReference.run(JUnit4TestReference.java:86)
	at org.eclipse.jdt.internal.junit.runner.TestExecution.run(TestExecution.java:38)
	at org.eclipse.jdt.internal.junit.runner.RemoteTestRunner.runTests(RemoteTestRunner.java:459)
	at org.eclipse.jdt.internal.junit.runner.RemoteTestRunner.runTests(RemoteTestRunner.java:678)
	at org.eclipse.jdt.internal.junit.runner.RemoteTestRunner.run(RemoteTestRunner.java:382)
	at org.eclipse.jdt.internal.junit.runner.RemoteTestRunner.main(RemoteTestRunner.java:192)
date:2017-10-02 22:59:58	thread:main	X-Track:	level:DEBUG	logger:o.s.jdbc.datasource.DataSourceTransactionManager	message:Initiating transaction rollback
date:2017-10-02 22:59:58	thread:main	X-Track:	level:DEBUG	logger:o.s.jdbc.datasource.DataSourceTransactionManager	message:Rolling back JDBC transaction on Connection [net.sf.log4jdbc.ConnectionSpy@5400db36]
date:2017-10-02 22:59:58	thread:main	X-Track:	level:DEBUG	logger:o.s.jdbc.datasource.DataSourceTransactionManager	message:Releasing JDBC Connection [net.sf.log4jdbc.ConnectionSpy@5400db36] after transaction
date:2017-10-02 23:01:15	thread:main	X-Track:	level:WARN 	logger:org.mybatis.spring.mapper.ClassPathMapperScanner	message:Skipping MapperFactoryBean with name 'todoRepository' and 'todo.domain.repository.todo.TodoRepository' mapperInterface. Bean already defined with the same name!
date:2017-10-02 23:01:15	thread:main	X-Track:	level:WARN 	logger:org.mybatis.spring.mapper.ClassPathMapperScanner	message:No MyBatis mapper was found in '[todo.domain.repository]' package. Please check your configuration.
date:2017-10-02 23:01:16	thread:main	X-Track:	level:DEBUG	logger:o.s.jdbc.datasource.DataSourceTransactionManager	message:Creating new transaction with name [todo.domain.repository.todo.TodoRepositoryTestVerSpringTestDBunitXlsx.testUpdate]: PROPAGATION_REQUIRED,ISOLATION_DEFAULT; ''
date:2017-10-02 23:01:16	thread:main	X-Track:	level:DEBUG	logger:o.s.jdbc.datasource.DataSourceTransactionManager	message:Acquired Connection [net.sf.log4jdbc.ConnectionSpy@2a492f2a] for JDBC transaction
date:2017-10-02 23:01:16	thread:main	X-Track:	level:DEBUG	logger:jdbc.sqltiming                                  	message: org.dbunit.database.statement.SimpleStatement.executeBatch(SimpleStatement.java:69)
1. delete from todo {executed in 17 msec}
date:2017-10-02 23:01:16	thread:main	X-Track:	level:WARN 	logger:org.dbunit.dataset.AbstractTableMetaData        	message:Potential problem found: The configured data type factory 'class org.dbunit.dataset.datatype.DefaultDataTypeFactory' might cause problems with the current database 'PostgreSQL' (e.g. some datatypes may not be supported properly). In rare cases you might see this message because the list of supported database products is incomplete (list=[derby]). If so please request a java-class update via the forums.If you are using your own IDataTypeFactory extending DefaultDataTypeFactory, ensure that you override getValidDbProducts() to specify the supported database products.
date:2017-10-02 23:01:17	thread:main	X-Track:	level:DEBUG	logger:jdbc.sqltiming                                  	message: org.dbunit.database.statement.SimplePreparedStatement.addBatch(SimplePreparedStatement.java:85)
1. insert into todo (todo_id, todo_title, finished, created_at) values ('cceae402-c5b1-440f-bae2-7bee19dc17fb', 'one', 0, '10/01/2017 15:39:17.888') {executed in 13 msec}
date:2017-10-02 23:01:17	thread:main	X-Track:	level:DEBUG	logger:jdbc.sqltiming                                  	message: org.dbunit.database.statement.SimplePreparedStatement.addBatch(SimplePreparedStatement.java:85)
1. insert into todo (todo_id, todo_title, finished, created_at) values ('5dd4ba78-ff5b-423b-aa2a-a07118aeaf90', 'two', 0, '10/01/2017 15:39:19.981') {executed in 1 msec}
date:2017-10-02 23:01:17	thread:main	X-Track:	level:DEBUG	logger:jdbc.sqltiming                                  	message: org.dbunit.database.statement.SimplePreparedStatement.addBatch(SimplePreparedStatement.java:85)
1. insert into todo (todo_id, todo_title, finished, created_at) values ('e3bdb9af-3dde-40b7-b5fb-4b388567ab45', 'three', 0, '10/01/2017 15:39:28.437') {executed in 0 msec}
date:2017-10-02 23:01:17	thread:main	X-Track:	level:DEBUG	logger:jdbc.sqltiming                                  	message: org.springframework.jdbc.core.JdbcTemplate$1.doInPreparedStatement(JdbcTemplate.java:692)
1. SELECT * FROM todo WHERE todo_id='cceae402-c5b1-440f-bae2-7bee19dc17fb' {executed in 13 msec}
date:2017-10-02 23:01:17	thread:main	X-Track:	level:INFO 	logger:jdbc.resultsettable                             	message:|-------------------------------------|-----------|---------|------------------------|
date:2017-10-02 23:01:17	thread:main	X-Track:	level:INFO 	logger:jdbc.resultsettable                             	message:|todo_id                              |todo_title |finished |created_at              |
date:2017-10-02 23:01:17	thread:main	X-Track:	level:INFO 	logger:jdbc.resultsettable                             	message:|-------------------------------------|-----------|---------|------------------------|
date:2017-10-02 23:01:17	thread:main	X-Track:	level:INFO 	logger:jdbc.resultsettable                             	message:|cceae402-c5b1-440f-bae2-7bee19dc17fb |one        |false    |2017-10-01 15:39:17.888 |
date:2017-10-02 23:01:17	thread:main	X-Track:	level:INFO 	logger:jdbc.resultsettable                             	message:|-------------------------------------|-----------|---------|------------------------|
date:2017-10-02 23:01:17	thread:main	X-Track:	level:DEBUG	logger:t.domain.repository.todo.TodoRepository.update  	message:==>  Preparing: UPDATE todo SET todo_title = ?, finished = ?, created_at = ? WHERE todo_id = ? 
date:2017-10-02 23:01:17	thread:main	X-Track:	level:DEBUG	logger:t.domain.repository.todo.TodoRepository.update  	message:==> Parameters: one(String), true(Boolean), 2017-10-01 15:39:17.888(Timestamp), cceae402-c5b1-440f-bae2-7bee19dc17fb(String)
date:2017-10-02 23:01:17	thread:main	X-Track:	level:DEBUG	logger:jdbc.sqltiming                                  	message: sun.reflect.NativeMethodAccessorImpl.invoke0(null:-2)
1. UPDATE
            todo
        SET
            todo_title = 'one',
            finished = 1,
            created_at = '10/01/2017 15:39:17.888'
        WHERE
            todo_id = 'cceae402-c5b1-440f-bae2-7bee19dc17fb' {executed in 0 msec}
date:2017-10-02 23:01:17	thread:main	X-Track:	level:DEBUG	logger:t.domain.repository.todo.TodoRepository.update  	message:<==    Updates: 1
date:2017-10-02 23:01:17	thread:main	X-Track:	level:DEBUG	logger:jdbc.sqltiming                                  	message: org.dbunit.database.AbstractResultSetTable.<init>(AbstractResultSetTable.java:110)
1. select todo_id, todo_title, finished, created_at from todo order by todo_id {executed in 0 msec}
date:2017-10-02 23:01:17	thread:main	X-Track:	level:INFO 	logger:jdbc.resultsettable                             	message:|-------------------------------------|-----------|---------|------------------------|
date:2017-10-02 23:01:17	thread:main	X-Track:	level:INFO 	logger:jdbc.resultsettable                             	message:|todo_id                              |todo_title |finished |created_at              |
date:2017-10-02 23:01:17	thread:main	X-Track:	level:INFO 	logger:jdbc.resultsettable                             	message:|-------------------------------------|-----------|---------|------------------------|
date:2017-10-02 23:01:17	thread:main	X-Track:	level:INFO 	logger:jdbc.resultsettable                             	message:|5dd4ba78-ff5b-423b-aa2a-a07118aeaf90 |two        |false    |2017-10-01 15:39:19.981 |
date:2017-10-02 23:01:17	thread:main	X-Track:	level:INFO 	logger:jdbc.resultsettable                             	message:|cceae402-c5b1-440f-bae2-7bee19dc17fb |one        |true     |2017-10-01 15:39:17.888 |
date:2017-10-02 23:01:17	thread:main	X-Track:	level:INFO 	logger:jdbc.resultsettable                             	message:|e3bdb9af-3dde-40b7-b5fb-4b388567ab45 |three      |false    |2017-10-01 15:39:28.437 |
date:2017-10-02 23:01:17	thread:main	X-Track:	level:INFO 	logger:jdbc.resultsettable                             	message:|-------------------------------------|-----------|---------|------------------------|
date:2017-10-02 23:01:17	thread:main	X-Track:	level:DEBUG	logger:o.s.jdbc.datasource.DataSourceTransactionManager	message:Initiating transaction rollback
date:2017-10-02 23:01:17	thread:main	X-Track:	level:DEBUG	logger:o.s.jdbc.datasource.DataSourceTransactionManager	message:Rolling back JDBC transaction on Connection [net.sf.log4jdbc.ConnectionSpy@2a492f2a]
date:2017-10-02 23:01:17	thread:main	X-Track:	level:DEBUG	logger:o.s.jdbc.datasource.DataSourceTransactionManager	message:Releasing JDBC Connection [net.sf.log4jdbc.ConnectionSpy@2a492f2a] after transaction
date:2017-10-02 23:15:53	thread:main	X-Track:	level:WARN 	logger:org.mybatis.spring.mapper.ClassPathMapperScanner	message:Skipping MapperFactoryBean with name 'todoRepository' and 'todo.domain.repository.todo.TodoRepository' mapperInterface. Bean already defined with the same name!
date:2017-10-02 23:15:53	thread:main	X-Track:	level:WARN 	logger:org.mybatis.spring.mapper.ClassPathMapperScanner	message:No MyBatis mapper was found in '[todo.domain.repository]' package. Please check your configuration.
date:2017-10-02 23:15:54	thread:main	X-Track:	level:DEBUG	logger:o.s.jdbc.datasource.DataSourceTransactionManager	message:Creating new transaction with name [todo.domain.repository.todo.TodoRepositoryTestVerSql.testUpdate]: PROPAGATION_REQUIRED,ISOLATION_DEFAULT; ''
date:2017-10-02 23:15:54	thread:main	X-Track:	level:DEBUG	logger:o.s.jdbc.datasource.DataSourceTransactionManager	message:Acquired Connection [net.sf.log4jdbc.ConnectionSpy@1cf2fed4] for JDBC transaction
date:2017-10-02 23:15:54	thread:main	X-Track:	level:DEBUG	logger:o.s.jdbc.datasource.DataSourceTransactionManager	message:Participating in existing transaction
date:2017-10-02 23:15:54	thread:main	X-Track:	level:DEBUG	logger:jdbc.sqltiming                                  	message: org.springframework.jdbc.datasource.init.ScriptUtils.executeSqlScript(ScriptUtils.java:473)
1. CREATE TABLE IF NOT EXISTS todo (todo_id VARCHAR(36) PRIMARY KEY, todo_title VARCHAR(30), finished BOOLEAN, created_at TIMESTAMP) {executed in 12 msec}
date:2017-10-02 23:15:54	thread:main	X-Track:	level:DEBUG	logger:jdbc.sqltiming                                  	message: org.springframework.jdbc.datasource.init.ScriptUtils.executeSqlScript(ScriptUtils.java:473)
1. DELETE FROM todo {executed in 1 msec}
date:2017-10-02 23:15:54	thread:main	X-Track:	level:DEBUG	logger:jdbc.sqltiming                                  	message: org.springframework.jdbc.datasource.init.ScriptUtils.executeSqlScript(ScriptUtils.java:473)
1. INSERT INTO todo (todo_id, todo_title, finished, created_at) VALUES ('cceae402-c5b1-440f-bae2-7bee19dc17fb', 'one', false, '2017-10-01 15:39:17.888') {executed in 1 msec}
date:2017-10-02 23:15:54	thread:main	X-Track:	level:DEBUG	logger:jdbc.sqltiming                                  	message: org.springframework.jdbc.datasource.init.ScriptUtils.executeSqlScript(ScriptUtils.java:473)
1. INSERT INTO todo (todo_id, todo_title, finished, created_at) VALUES ('5dd4ba78-ff5b-423b-aa2a-a07118aeaf90', 'two', false, '2017-10-01 15:39:19.981') {executed in 0 msec}
date:2017-10-02 23:15:54	thread:main	X-Track:	level:DEBUG	logger:jdbc.sqltiming                                  	message: org.springframework.jdbc.datasource.init.ScriptUtils.executeSqlScript(ScriptUtils.java:473)
1. INSERT INTO todo (todo_id, todo_title, finished, created_at) VALUES ('e3bdb9af-3dde-40b7-b5fb-4b388567ab45', 'three', false, '2017-10-01 15:39:28.437') {executed in 1 msec}
date:2017-10-02 23:15:54	thread:main	X-Track:	level:DEBUG	logger:jdbc.sqltiming                                  	message: org.springframework.jdbc.datasource.init.ScriptUtils.executeSqlScript(ScriptUtils.java:473)
1. commit {executed in 0 msec}
date:2017-10-02 23:15:54	thread:main	X-Track:	level:DEBUG	logger:jdbc.sqltiming                                  	message: org.springframework.jdbc.core.JdbcTemplate$1.doInPreparedStatement(JdbcTemplate.java:692)
1. SELECT * FROM todo WHERE todo_id='cceae402-c5b1-440f-bae2-7bee19dc17fb' {executed in 7 msec}
date:2017-10-02 23:15:54	thread:main	X-Track:	level:INFO 	logger:jdbc.resultsettable                             	message:|-------------------------------------|-----------|---------|------------------------|
date:2017-10-02 23:15:54	thread:main	X-Track:	level:INFO 	logger:jdbc.resultsettable                             	message:|todo_id                              |todo_title |finished |created_at              |
date:2017-10-02 23:15:54	thread:main	X-Track:	level:INFO 	logger:jdbc.resultsettable                             	message:|-------------------------------------|-----------|---------|------------------------|
date:2017-10-02 23:15:54	thread:main	X-Track:	level:INFO 	logger:jdbc.resultsettable                             	message:|cceae402-c5b1-440f-bae2-7bee19dc17fb |one        |false    |2017-10-01 15:39:17.888 |
date:2017-10-02 23:15:54	thread:main	X-Track:	level:INFO 	logger:jdbc.resultsettable                             	message:|-------------------------------------|-----------|---------|------------------------|
date:2017-10-02 23:15:54	thread:main	X-Track:	level:DEBUG	logger:t.domain.repository.todo.TodoRepository.update  	message:==>  Preparing: UPDATE todo SET todo_title = ?, finished = ?, created_at = ? WHERE todo_id = ? 
date:2017-10-02 23:15:54	thread:main	X-Track:	level:DEBUG	logger:t.domain.repository.todo.TodoRepository.update  	message:==> Parameters: one(String), true(Boolean), 2017-10-01 15:39:17.888(Timestamp), cceae402-c5b1-440f-bae2-7bee19dc17fb(String)
date:2017-10-02 23:15:54	thread:main	X-Track:	level:DEBUG	logger:jdbc.sqltiming                                  	message: sun.reflect.NativeMethodAccessorImpl.invoke0(null:-2)
1. UPDATE
            todo
        SET
            todo_title = 'one',
            finished = 1,
            created_at = '10/01/2017 15:39:17.888'
        WHERE
            todo_id = 'cceae402-c5b1-440f-bae2-7bee19dc17fb' {executed in 0 msec}
date:2017-10-02 23:15:54	thread:main	X-Track:	level:DEBUG	logger:t.domain.repository.todo.TodoRepository.update  	message:<==    Updates: 1
date:2017-10-02 23:15:54	thread:main	X-Track:	level:DEBUG	logger:jdbc.sqltiming                                  	message: org.springframework.jdbc.core.JdbcTemplate$1.doInPreparedStatement(JdbcTemplate.java:692)
1. SELECT * FROM todo WHERE todo_id='cceae402-c5b1-440f-bae2-7bee19dc17fb' {executed in 1 msec}
date:2017-10-02 23:15:54	thread:main	X-Track:	level:INFO 	logger:jdbc.resultsettable                             	message:|-------------------------------------|-----------|---------|------------------------|
date:2017-10-02 23:15:54	thread:main	X-Track:	level:INFO 	logger:jdbc.resultsettable                             	message:|todo_id                              |todo_title |finished |created_at              |
date:2017-10-02 23:15:54	thread:main	X-Track:	level:INFO 	logger:jdbc.resultsettable                             	message:|-------------------------------------|-----------|---------|------------------------|
date:2017-10-02 23:15:54	thread:main	X-Track:	level:INFO 	logger:jdbc.resultsettable                             	message:|cceae402-c5b1-440f-bae2-7bee19dc17fb |one        |true     |2017-10-01 15:39:17.888 |
date:2017-10-02 23:15:54	thread:main	X-Track:	level:INFO 	logger:jdbc.resultsettable                             	message:|-------------------------------------|-----------|---------|------------------------|
date:2017-10-02 23:15:54	thread:main	X-Track:	level:DEBUG	logger:o.s.jdbc.datasource.DataSourceTransactionManager	message:Initiating transaction rollback
date:2017-10-02 23:15:54	thread:main	X-Track:	level:DEBUG	logger:o.s.jdbc.datasource.DataSourceTransactionManager	message:Rolling back JDBC transaction on Connection [net.sf.log4jdbc.ConnectionSpy@1cf2fed4]
date:2017-10-02 23:15:54	thread:main	X-Track:	level:DEBUG	logger:o.s.jdbc.datasource.DataSourceTransactionManager	message:Releasing JDBC Connection [net.sf.log4jdbc.ConnectionSpy@1cf2fed4] after transaction
date:2017-10-02 23:16:14	thread:main	X-Track:	level:WARN 	logger:org.mybatis.spring.mapper.ClassPathMapperScanner	message:Skipping MapperFactoryBean with name 'todoRepository' and 'todo.domain.repository.todo.TodoRepository' mapperInterface. Bean already defined with the same name!
date:2017-10-02 23:16:14	thread:main	X-Track:	level:WARN 	logger:org.mybatis.spring.mapper.ClassPathMapperScanner	message:No MyBatis mapper was found in '[todo.domain.repository]' package. Please check your configuration.
date:2017-10-02 23:16:15	thread:main	X-Track:	level:DEBUG	logger:o.s.jdbc.datasource.DataSourceTransactionManager	message:Creating new transaction with name [todo.domain.repository.todo.TodoRepositoryTestVerSql.testUpdate]: PROPAGATION_REQUIRED,ISOLATION_DEFAULT; ''
date:2017-10-02 23:16:15	thread:main	X-Track:	level:DEBUG	logger:o.s.jdbc.datasource.DataSourceTransactionManager	message:Acquired Connection [net.sf.log4jdbc.ConnectionSpy@1cf2fed4] for JDBC transaction
date:2017-10-02 23:16:15	thread:main	X-Track:	level:DEBUG	logger:o.s.jdbc.datasource.DataSourceTransactionManager	message:Participating in existing transaction
date:2017-10-02 23:16:15	thread:main	X-Track:	level:DEBUG	logger:jdbc.sqltiming                                  	message: org.springframework.jdbc.datasource.init.ScriptUtils.executeSqlScript(ScriptUtils.java:473)
1. CREATE TABLE IF NOT EXISTS todo (todo_id VARCHAR(36) PRIMARY KEY, todo_title VARCHAR(30), finished BOOLEAN, created_at TIMESTAMP) {executed in 3 msec}
date:2017-10-02 23:16:15	thread:main	X-Track:	level:DEBUG	logger:jdbc.sqltiming                                  	message: org.springframework.jdbc.datasource.init.ScriptUtils.executeSqlScript(ScriptUtils.java:473)
1. DELETE FROM todo {executed in 1 msec}
date:2017-10-02 23:16:15	thread:main	X-Track:	level:DEBUG	logger:jdbc.sqltiming                                  	message: org.springframework.jdbc.datasource.init.ScriptUtils.executeSqlScript(ScriptUtils.java:473)
1. INSERT INTO todo (todo_id, todo_title, finished, created_at) VALUES ('cceae402-c5b1-440f-bae2-7bee19dc17fb', 'one', false, '2017-10-01 15:39:17.888') {executed in 0 msec}
date:2017-10-02 23:16:15	thread:main	X-Track:	level:DEBUG	logger:jdbc.sqltiming                                  	message: org.springframework.jdbc.datasource.init.ScriptUtils.executeSqlScript(ScriptUtils.java:473)
1. INSERT INTO todo (todo_id, todo_title, finished, created_at) VALUES ('5dd4ba78-ff5b-423b-aa2a-a07118aeaf90', 'two', false, '2017-10-01 15:39:19.981') {executed in 1 msec}
date:2017-10-02 23:16:15	thread:main	X-Track:	level:DEBUG	logger:jdbc.sqltiming                                  	message: org.springframework.jdbc.datasource.init.ScriptUtils.executeSqlScript(ScriptUtils.java:473)
1. INSERT INTO todo (todo_id, todo_title, finished, created_at) VALUES ('e3bdb9af-3dde-40b7-b5fb-4b388567ab45', 'three', false, '2017-10-01 15:39:28.437') {executed in 0 msec}
date:2017-10-02 23:16:15	thread:main	X-Track:	level:DEBUG	logger:jdbc.sqltiming                                  	message: org.springframework.jdbc.datasource.init.ScriptUtils.executeSqlScript(ScriptUtils.java:473)
1. commit {executed in 1 msec}
date:2017-10-02 23:16:15	thread:main	X-Track:	level:DEBUG	logger:t.domain.repository.todo.TodoRepository.findAll 	message:==>  Preparing: SELECT todo_id, todo_title, finished, created_at FROM todo 
date:2017-10-02 23:16:15	thread:main	X-Track:	level:DEBUG	logger:t.domain.repository.todo.TodoRepository.findAll 	message:==> Parameters: 
date:2017-10-02 23:16:15	thread:main	X-Track:	level:DEBUG	logger:jdbc.sqltiming                                  	message: sun.reflect.NativeMethodAccessorImpl.invoke0(null:-2)
1. SELECT
            todo_id,
            todo_title,
            finished,
            created_at
        FROM
            todo {executed in 5 msec}
date:2017-10-02 23:16:15	thread:main	X-Track:	level:INFO 	logger:jdbc.resultsettable                             	message:|-------------------------------------|-----------|---------|------------------------|
date:2017-10-02 23:16:15	thread:main	X-Track:	level:INFO 	logger:jdbc.resultsettable                             	message:|todo_id                              |todo_title |finished |created_at              |
date:2017-10-02 23:16:15	thread:main	X-Track:	level:INFO 	logger:jdbc.resultsettable                             	message:|-------------------------------------|-----------|---------|------------------------|
date:2017-10-02 23:16:15	thread:main	X-Track:	level:INFO 	logger:jdbc.resultsettable                             	message:|cceae402-c5b1-440f-bae2-7bee19dc17fb |one        |false    |2017-10-01 15:39:17.888 |
date:2017-10-02 23:16:15	thread:main	X-Track:	level:INFO 	logger:jdbc.resultsettable                             	message:|5dd4ba78-ff5b-423b-aa2a-a07118aeaf90 |two        |false    |2017-10-01 15:39:19.981 |
date:2017-10-02 23:16:15	thread:main	X-Track:	level:INFO 	logger:jdbc.resultsettable                             	message:|e3bdb9af-3dde-40b7-b5fb-4b388567ab45 |three      |false    |2017-10-01 15:39:28.437 |
date:2017-10-02 23:16:15	thread:main	X-Track:	level:INFO 	logger:jdbc.resultsettable                             	message:|-------------------------------------|-----------|---------|------------------------|
date:2017-10-02 23:16:15	thread:main	X-Track:	level:DEBUG	logger:t.domain.repository.todo.TodoRepository.findAll 	message:<==      Total: 3
date:2017-10-02 23:16:15	thread:main	X-Track:	level:DEBUG	logger:jdbc.sqltiming                                  	message: org.springframework.jdbc.core.JdbcTemplate$1.doInPreparedStatement(JdbcTemplate.java:692)
1. SELECT * FROM todo WHERE todo_id='cceae402-c5b1-440f-bae2-7bee19dc17fb' {executed in 1 msec}
date:2017-10-02 23:16:15	thread:main	X-Track:	level:INFO 	logger:jdbc.resultsettable                             	message:|-------------------------------------|-----------|---------|------------------------|
date:2017-10-02 23:16:15	thread:main	X-Track:	level:INFO 	logger:jdbc.resultsettable                             	message:|todo_id                              |todo_title |finished |created_at              |
date:2017-10-02 23:16:15	thread:main	X-Track:	level:INFO 	logger:jdbc.resultsettable                             	message:|-------------------------------------|-----------|---------|------------------------|
date:2017-10-02 23:16:15	thread:main	X-Track:	level:INFO 	logger:jdbc.resultsettable                             	message:|cceae402-c5b1-440f-bae2-7bee19dc17fb |one        |false    |2017-10-01 15:39:17.888 |
date:2017-10-02 23:16:15	thread:main	X-Track:	level:INFO 	logger:jdbc.resultsettable                             	message:|-------------------------------------|-----------|---------|------------------------|
date:2017-10-02 23:16:15	thread:main	X-Track:	level:DEBUG	logger:t.domain.repository.todo.TodoRepository.update  	message:==>  Preparing: UPDATE todo SET todo_title = ?, finished = ?, created_at = ? WHERE todo_id = ? 
date:2017-10-02 23:16:15	thread:main	X-Track:	level:DEBUG	logger:t.domain.repository.todo.TodoRepository.update  	message:==> Parameters: one(String), true(Boolean), 2017-10-01 15:39:17.888(Timestamp), cceae402-c5b1-440f-bae2-7bee19dc17fb(String)
date:2017-10-02 23:16:15	thread:main	X-Track:	level:DEBUG	logger:jdbc.sqltiming                                  	message: sun.reflect.NativeMethodAccessorImpl.invoke0(null:-2)
1. UPDATE
            todo
        SET
            todo_title = 'one',
            finished = 1,
            created_at = '10/01/2017 15:39:17.888'
        WHERE
            todo_id = 'cceae402-c5b1-440f-bae2-7bee19dc17fb' {executed in 0 msec}
date:2017-10-02 23:16:15	thread:main	X-Track:	level:DEBUG	logger:t.domain.repository.todo.TodoRepository.update  	message:<==    Updates: 1
date:2017-10-02 23:16:15	thread:main	X-Track:	level:DEBUG	logger:jdbc.sqltiming                                  	message: org.springframework.jdbc.core.JdbcTemplate$1.doInPreparedStatement(JdbcTemplate.java:692)
1. SELECT * FROM todo WHERE todo_id='cceae402-c5b1-440f-bae2-7bee19dc17fb' {executed in 1 msec}
date:2017-10-02 23:16:15	thread:main	X-Track:	level:INFO 	logger:jdbc.resultsettable                             	message:|-------------------------------------|-----------|---------|------------------------|
date:2017-10-02 23:16:15	thread:main	X-Track:	level:INFO 	logger:jdbc.resultsettable                             	message:|todo_id                              |todo_title |finished |created_at              |
date:2017-10-02 23:16:15	thread:main	X-Track:	level:INFO 	logger:jdbc.resultsettable                             	message:|-------------------------------------|-----------|---------|------------------------|
date:2017-10-02 23:16:15	thread:main	X-Track:	level:INFO 	logger:jdbc.resultsettable                             	message:|cceae402-c5b1-440f-bae2-7bee19dc17fb |one        |true     |2017-10-01 15:39:17.888 |
date:2017-10-02 23:16:15	thread:main	X-Track:	level:INFO 	logger:jdbc.resultsettable                             	message:|-------------------------------------|-----------|---------|------------------------|
date:2017-10-02 23:16:15	thread:main	X-Track:	level:DEBUG	logger:o.s.jdbc.datasource.DataSourceTransactionManager	message:Initiating transaction rollback
date:2017-10-02 23:16:15	thread:main	X-Track:	level:DEBUG	logger:o.s.jdbc.datasource.DataSourceTransactionManager	message:Rolling back JDBC transaction on Connection [net.sf.log4jdbc.ConnectionSpy@1cf2fed4]
date:2017-10-02 23:16:15	thread:main	X-Track:	level:DEBUG	logger:o.s.jdbc.datasource.DataSourceTransactionManager	message:Releasing JDBC Connection [net.sf.log4jdbc.ConnectionSpy@1cf2fed4] after transaction
